Drill report for BFUSB_HUB.kicad_pcb
Created on Sun 05 Mar 2023 09:27:43 PM EST

Copper Layer Stackup:
    =============================================================
    L1 :  F.Cu                      front
    L2 :  B.Cu                      back


Drill file 'BFUSB_HUB-PTH.drl' contains
    plated through holes:
    =============================================================
    T1  0.400mm  0.0157"  (17 holes)
    T2  0.600mm  0.0236"  (4 holes)  (with 4 slots)
    T3  0.800mm  0.0315"  (72 holes)
    T4  0.920mm  0.0362"  (64 holes)
    T5  1.000mm  0.0394"  (4 holes)  (with 4 slots)
    T6  1.100mm  0.0433"  (2 holes)
    T7  1.500mm  0.0591"  (2 holes)
    T8  2.300mm  0.0906"  (32 holes)

    Total plated holes count 197


Drill file 'BFUSB_HUB-NPTH.drl' contains
    unplated through holes:
    =============================================================
    T1  0.650mm  0.0256"  (2 holes)
    T2  1.600mm  0.0630"  (1 hole)

    Total unplated holes count 3
